<?xml version="1.0" encoding="UTF-8"?>
<testsuite xmlns:xsi="http://www.w3.org/2001/XMLSchema-instance" xsi:noNamespaceSchemaLocation="https://maven.apache.org/surefire/maven-surefire-plugin/xsd/surefire-test-report-3.0.xsd" version="3.0" name="TextFeed.TextFeedApplicationTests" time="2.77" tests="1" errors="0" skipped="0" failures="0">
  <properties>
[...]
</properties>
  <testcase name="contextLoads" classname="TextFeed.TextFeedApplicationTests" time="0.651">
    <system-out><![CDATA[09:32:49.348 [main] INFO org.springframework.test.context.support.AnnotationConfigContextLoaderUtils -- Could not detect default configuration classes for test class [TextFeed.TextFeedApplicationTests]: TextFeedApplicationTests does not declare any static, non-private, non-final, nested classes annotated with @Configuration.
09:32:49.474 [main] INFO org.springframework.boot.test.context.SpringBootTestContextBootstrapper -- Found @SpringBootConfiguration TextFeed.RedisConsoleApp for test class TextFeed.TextFeedApplicationTests

  .   ____          _            __ _ _
 /\\ / ___'_ __ _ _(_)_ __  __ _ \ \ \ \
( ( )\___ | '_ | '_| | '_ \/ _` | \ \ \ \
 \\/  ___)| |_)| | | | | || (_| |  ) ) ) )
  '  |____| .__|_| |_|_| |_\__, | / / / /
 =========|_|==============|___/=/_/_/_/
 :: Spring Boot ::                (v3.1.4)

2023-09-27T09:32:49.804+03:00  WARN 8403 --- [           main] ory$DuplicateJsonObjectContextCustomizer : 

Found multiple occurrences of org.json.JSONObject on the class path:

	jar:file:/home/siriusm/.m2/repository/com/vaadin/external/google/android-json/0.0.20131108.vaadin1/android-json-0.0.20131108.vaadin1.jar!/org/json/JSONObject.class
	jar:file:/home/siriusm/.m2/repository/org/json/json/20230618/json-20230618.jar!/org/json/JSONObject.class

You may wish to exclude one of them to ensure predictable runtime behavior

2023-09-27T09:32:49.821+03:00  INFO 8403 --- [           main] TextFeed.TextFeedApplicationTests        : Starting TextFeedApplicationTests using Java 21 with PID 8403 (started by siriusm in /home/siriusm/Документы/projects/TextFeed)
2023-09-27T09:32:49.822+03:00  INFO 8403 --- [           main] TextFeed.TextFeedApplicationTests        : No active profile set, falling back to 1 default profile: "default"
2023-09-27T09:32:50.327+03:00  INFO 8403 --- [           main] .s.d.r.c.RepositoryConfigurationDelegate : Multiple Spring Data modules found, entering strict repository configuration mode
2023-09-27T09:32:50.330+03:00  INFO 8403 --- [           main] .s.d.r.c.RepositoryConfigurationDelegate : Bootstrapping Spring Data Redis repositories in DEFAULT mode.
2023-09-27T09:32:50.353+03:00  INFO 8403 --- [           main] .s.d.r.c.RepositoryConfigurationDelegate : Finished Spring Data repository scanning in 9 ms. Found 0 Redis repository interfaces.
2023-09-27T09:32:51.064+03:00  WARN 8403 --- [           main] ion$DefaultTemplateResolverConfiguration : Cannot find template location: classpath:/templates/ (please add some templates, check your Thymeleaf configuration, or set spring.thymeleaf.check-template-location=false)
2023-09-27T09:32:51.235+03:00  INFO 8403 --- [           main] TextFeed.TextFeedApplicationTests        : Started TextFeedApplicationTests in 1.637 seconds (process running for 2.581)
]]></system-out>
    <system-err><![CDATA[WARNING: A Java agent has been loaded dynamically (/home/siriusm/.m2/repository/net/bytebuddy/byte-buddy-agent/1.14.8/byte-buddy-agent-1.14.8.jar)
WARNING: If a serviceability tool is in use, please run with -XX:+EnableDynamicAgentLoading to hide this warning
WARNING: If a serviceability tool is not in use, please run with -Djdk.instrument.traceUsage for more information
WARNING: Dynamic loading of agents will be disallowed by default in a future release
]]></system-err>
  </testcase>
</testsuite>